2023-05-20 13:05:472 INFO  HomePage :72 - Enter job title [[ChromeDriver: chrome on WINDOWS (72cc7cdb368282f7920c14af7c05a7c1)] -> id: keywords]
2023-05-20 13:05:537 INFO  HomePage :77 - Enter location [[ChromeDriver: chrome on WINDOWS (72cc7cdb368282f7920c14af7c05a7c1)] -> id: location]
2023-05-20 13:05:620 INFO  HomePage :83 - Select distance [[ChromeDriver: chrome on WINDOWS (72cc7cdb368282f7920c14af7c05a7c1)] -> xpath: //select[@id='distance']]
2023-05-20 13:05:677 INFO  HomePage :88 - Click on link[[ChromeDriver: chrome on WINDOWS (72cc7cdb368282f7920c14af7c05a7c1)] -> xpath: //button[@id='toggle-hp-search']]
2023-05-20 13:05:769 INFO  HomePage :93 - Enter minimum salary[[ChromeDriver: chrome on WINDOWS (72cc7cdb368282f7920c14af7c05a7c1)] -> xpath: //input[@id='salarymin']]
2023-05-20 13:05:828 INFO  HomePage :99 - Enter maximum salary[[ChromeDriver: chrome on WINDOWS (72cc7cdb368282f7920c14af7c05a7c1)] -> xpath: //input[@id='salarymax']]
2023-05-20 13:05:902 INFO  HomePage :105 - Select salary type[[ChromeDriver: chrome on WINDOWS (72cc7cdb368282f7920c14af7c05a7c1)] -> xpath: //select[@id='salarytype']]
2023-05-20 13:05:977 INFO  HomePage :111 - Select job type[[ChromeDriver: chrome on WINDOWS (72cc7cdb368282f7920c14af7c05a7c1)] -> xpath: //select[@class='hp-jobtype form__select']]
2023-05-20 13:05:59 INFO  HomePage :116 - Click on Find job btn[[ChromeDriver: chrome on WINDOWS (72cc7cdb368282f7920c14af7c05a7c1)] -> xpath: //input[@id='hp-search-btn']]
2023-05-20 13:05:411 INFO  ResultPage :26 - Verify the result[[ChromeDriver: chrome on WINDOWS (72cc7cdb368282f7920c14af7c05a7c1)] -> xpath: //h1[@class='search-header__title']]
2023-05-20 13:05:234 INFO  HomePage :72 - Enter job title [[ChromeDriver: chrome on WINDOWS (f371b1e51a6329d5242bef02836de6ce)] -> id: keywords]
2023-05-20 13:05:292 INFO  HomePage :77 - Enter location [[ChromeDriver: chrome on WINDOWS (f371b1e51a6329d5242bef02836de6ce)] -> id: location]
2023-05-20 13:05:371 INFO  HomePage :83 - Select distance [[ChromeDriver: chrome on WINDOWS (f371b1e51a6329d5242bef02836de6ce)] -> xpath: //select[@id='distance']]
2023-05-20 13:05:428 INFO  HomePage :88 - Click on link[[ChromeDriver: chrome on WINDOWS (f371b1e51a6329d5242bef02836de6ce)] -> xpath: //button[@id='toggle-hp-search']]
2023-05-20 13:05:522 INFO  HomePage :93 - Enter minimum salary[[ChromeDriver: chrome on WINDOWS (f371b1e51a6329d5242bef02836de6ce)] -> xpath: //input[@id='salarymin']]
2023-05-20 13:05:590 INFO  HomePage :99 - Enter maximum salary[[ChromeDriver: chrome on WINDOWS (f371b1e51a6329d5242bef02836de6ce)] -> xpath: //input[@id='salarymax']]
2023-05-20 13:05:671 INFO  HomePage :105 - Select salary type[[ChromeDriver: chrome on WINDOWS (f371b1e51a6329d5242bef02836de6ce)] -> xpath: //select[@id='salarytype']]
2023-05-20 13:05:742 INFO  HomePage :111 - Select job type[[ChromeDriver: chrome on WINDOWS (f371b1e51a6329d5242bef02836de6ce)] -> xpath: //select[@class='hp-jobtype form__select']]
2023-05-20 13:05:816 INFO  HomePage :116 - Click on Find job btn[[ChromeDriver: chrome on WINDOWS (f371b1e51a6329d5242bef02836de6ce)] -> xpath: //input[@id='hp-search-btn']]
2023-05-20 13:05:439 INFO  ResultPage :26 - Verify the result[[ChromeDriver: chrome on WINDOWS (f371b1e51a6329d5242bef02836de6ce)] -> xpath: //h1[@class='search-header__title']]
2023-05-20 13:05:499 INFO  HomePage :72 - Enter job title [[ChromeDriver: chrome on WINDOWS (b2c8acfd963483283063b59b880a72a1)] -> id: keywords]
2023-05-20 13:05:548 INFO  HomePage :77 - Enter location [[ChromeDriver: chrome on WINDOWS (b2c8acfd963483283063b59b880a72a1)] -> id: location]
2023-05-20 13:05:624 INFO  HomePage :83 - Select distance [[ChromeDriver: chrome on WINDOWS (b2c8acfd963483283063b59b880a72a1)] -> xpath: //select[@id='distance']]
2023-05-20 13:05:697 INFO  HomePage :88 - Click on link[[ChromeDriver: chrome on WINDOWS (b2c8acfd963483283063b59b880a72a1)] -> xpath: //button[@id='toggle-hp-search']]
2023-05-20 13:05:797 INFO  HomePage :93 - Enter minimum salary[[ChromeDriver: chrome on WINDOWS (b2c8acfd963483283063b59b880a72a1)] -> xpath: //input[@id='salarymin']]
2023-05-20 13:05:863 INFO  HomePage :99 - Enter maximum salary[[ChromeDriver: chrome on WINDOWS (b2c8acfd963483283063b59b880a72a1)] -> xpath: //input[@id='salarymax']]
2023-05-20 13:05:937 INFO  HomePage :105 - Select salary type[[ChromeDriver: chrome on WINDOWS (b2c8acfd963483283063b59b880a72a1)] -> xpath: //select[@id='salarytype']]
2023-05-20 13:05:11 INFO  HomePage :111 - Select job type[[ChromeDriver: chrome on WINDOWS (b2c8acfd963483283063b59b880a72a1)] -> xpath: //select[@class='hp-jobtype form__select']]
2023-05-20 13:05:83 INFO  HomePage :116 - Click on Find job btn[[ChromeDriver: chrome on WINDOWS (b2c8acfd963483283063b59b880a72a1)] -> xpath: //input[@id='hp-search-btn']]
2023-05-20 13:05:288 INFO  ResultPage :26 - Verify the result[[ChromeDriver: chrome on WINDOWS (b2c8acfd963483283063b59b880a72a1)] -> xpath: //h1[@class='search-header__title']]
2023-05-20 13:05:358 INFO  HomePage :72 - Enter job title [[ChromeDriver: chrome on WINDOWS (b5aec800820ce489d884d852d89dacdd)] -> id: keywords]
2023-05-20 13:05:412 INFO  HomePage :77 - Enter location [[ChromeDriver: chrome on WINDOWS (b5aec800820ce489d884d852d89dacdd)] -> id: location]
2023-05-20 13:05:467 INFO  HomePage :83 - Select distance [[ChromeDriver: chrome on WINDOWS (b5aec800820ce489d884d852d89dacdd)] -> xpath: //select[@id='distance']]
2023-05-20 13:05:534 INFO  HomePage :88 - Click on link[[ChromeDriver: chrome on WINDOWS (b5aec800820ce489d884d852d89dacdd)] -> xpath: //button[@id='toggle-hp-search']]
2023-05-20 13:05:619 INFO  HomePage :93 - Enter minimum salary[[ChromeDriver: chrome on WINDOWS (b5aec800820ce489d884d852d89dacdd)] -> xpath: //input[@id='salarymin']]
2023-05-20 13:05:688 INFO  HomePage :99 - Enter maximum salary[[ChromeDriver: chrome on WINDOWS (b5aec800820ce489d884d852d89dacdd)] -> xpath: //input[@id='salarymax']]
2023-05-20 13:05:785 INFO  HomePage :105 - Select salary type[[ChromeDriver: chrome on WINDOWS (b5aec800820ce489d884d852d89dacdd)] -> xpath: //select[@id='salarytype']]
2023-05-20 13:05:849 INFO  HomePage :111 - Select job type[[ChromeDriver: chrome on WINDOWS (b5aec800820ce489d884d852d89dacdd)] -> xpath: //select[@class='hp-jobtype form__select']]
2023-05-20 13:05:927 INFO  HomePage :116 - Click on Find job btn[[ChromeDriver: chrome on WINDOWS (b5aec800820ce489d884d852d89dacdd)] -> xpath: //input[@id='hp-search-btn']]
2023-05-20 13:05:509 INFO  ResultPage :26 - Verify the result[[ChromeDriver: chrome on WINDOWS (b5aec800820ce489d884d852d89dacdd)] -> xpath: //h1[@class='search-header__title']]
2023-05-20 13:05:829 INFO  HomePage :72 - Enter job title [[ChromeDriver: chrome on WINDOWS (ade1d70b3a47a0ca7e0bf9a093b09d44)] -> id: keywords]
2023-05-20 13:05:878 INFO  HomePage :77 - Enter location [[ChromeDriver: chrome on WINDOWS (ade1d70b3a47a0ca7e0bf9a093b09d44)] -> id: location]
2023-05-20 13:05:950 INFO  HomePage :83 - Select distance [[ChromeDriver: chrome on WINDOWS (ade1d70b3a47a0ca7e0bf9a093b09d44)] -> xpath: //select[@id='distance']]
2023-05-20 13:05:05 INFO  HomePage :88 - Click on link[[ChromeDriver: chrome on WINDOWS (ade1d70b3a47a0ca7e0bf9a093b09d44)] -> xpath: //button[@id='toggle-hp-search']]
2023-05-20 13:05:80 INFO  HomePage :93 - Enter minimum salary[[ChromeDriver: chrome on WINDOWS (ade1d70b3a47a0ca7e0bf9a093b09d44)] -> xpath: //input[@id='salarymin']]
2023-05-20 13:05:142 INFO  HomePage :99 - Enter maximum salary[[ChromeDriver: chrome on WINDOWS (ade1d70b3a47a0ca7e0bf9a093b09d44)] -> xpath: //input[@id='salarymax']]
2023-05-20 13:05:234 INFO  HomePage :105 - Select salary type[[ChromeDriver: chrome on WINDOWS (ade1d70b3a47a0ca7e0bf9a093b09d44)] -> xpath: //select[@id='salarytype']]
2023-05-20 13:05:300 INFO  HomePage :111 - Select job type[[ChromeDriver: chrome on WINDOWS (ade1d70b3a47a0ca7e0bf9a093b09d44)] -> xpath: //select[@class='hp-jobtype form__select']]
2023-05-20 13:05:377 INFO  HomePage :116 - Click on Find job btn[[ChromeDriver: chrome on WINDOWS (ade1d70b3a47a0ca7e0bf9a093b09d44)] -> xpath: //input[@id='hp-search-btn']]
2023-05-20 13:05:309 INFO  ResultPage :26 - Verify the result[[ChromeDriver: chrome on WINDOWS (ade1d70b3a47a0ca7e0bf9a093b09d44)] -> xpath: //h1[@class='search-header__title']]
2023-05-20 13:05:753 INFO  HomePage :65 - Enter job title [[ChromeDriver: chrome on WINDOWS (164033cfe6558ea09ce701fb05f15569)] -> id: keywords]
2023-05-20 13:05:818 INFO  HomePage :70 - Enter location [[ChromeDriver: chrome on WINDOWS (164033cfe6558ea09ce701fb05f15569)] -> id: location]
2023-05-20 13:05:909 INFO  HomePage :76 - Select distance [[ChromeDriver: chrome on WINDOWS (164033cfe6558ea09ce701fb05f15569)] -> xpath: //select[@id='distance']]
2023-05-20 13:05:971 INFO  HomePage :81 - Click on link[[ChromeDriver: chrome on WINDOWS (164033cfe6558ea09ce701fb05f15569)] -> xpath: //button[@id='toggle-hp-search']]
2023-05-20 13:05:50 INFO  HomePage :86 - Enter minimum salary[[ChromeDriver: chrome on WINDOWS (164033cfe6558ea09ce701fb05f15569)] -> xpath: //input[@id='salarymin']]
2023-05-20 13:05:115 INFO  HomePage :92 - Enter maximum salary[[ChromeDriver: chrome on WINDOWS (164033cfe6558ea09ce701fb05f15569)] -> xpath: //input[@id='salarymax']]
2023-05-20 13:05:195 INFO  HomePage :98 - Select salary type[[ChromeDriver: chrome on WINDOWS (164033cfe6558ea09ce701fb05f15569)] -> xpath: //select[@id='salarytype']]
2023-05-20 13:05:268 INFO  HomePage :104 - Select job type[[ChromeDriver: chrome on WINDOWS (164033cfe6558ea09ce701fb05f15569)] -> xpath: //select[@class='hp-jobtype form__select']]
2023-05-20 13:05:339 INFO  HomePage :109 - Click on Find job btn[[ChromeDriver: chrome on WINDOWS (164033cfe6558ea09ce701fb05f15569)] -> xpath: //input[@id='hp-search-btn']]
2023-05-20 13:05:130 INFO  ResultPage :26 - Verify the result[[ChromeDriver: chrome on WINDOWS (164033cfe6558ea09ce701fb05f15569)] -> xpath: //h1[@class='search-header__title']]
2023-05-20 13:05:211 INFO  HomePage :65 - Enter job title [[ChromeDriver: chrome on WINDOWS (e1d7f21756a81968a0dfade6ecc3cf28)] -> id: keywords]
2023-05-20 13:05:267 INFO  HomePage :70 - Enter location [[ChromeDriver: chrome on WINDOWS (e1d7f21756a81968a0dfade6ecc3cf28)] -> id: location]
2023-05-20 13:05:344 INFO  HomePage :76 - Select distance [[ChromeDriver: chrome on WINDOWS (e1d7f21756a81968a0dfade6ecc3cf28)] -> xpath: //select[@id='distance']]
2023-05-20 13:05:406 INFO  HomePage :81 - Click on link[[ChromeDriver: chrome on WINDOWS (e1d7f21756a81968a0dfade6ecc3cf28)] -> xpath: //button[@id='toggle-hp-search']]
2023-05-20 13:05:481 INFO  HomePage :86 - Enter minimum salary[[ChromeDriver: chrome on WINDOWS (e1d7f21756a81968a0dfade6ecc3cf28)] -> xpath: //input[@id='salarymin']]
2023-05-20 13:05:541 INFO  HomePage :92 - Enter maximum salary[[ChromeDriver: chrome on WINDOWS (e1d7f21756a81968a0dfade6ecc3cf28)] -> xpath: //input[@id='salarymax']]
2023-05-20 13:05:621 INFO  HomePage :98 - Select salary type[[ChromeDriver: chrome on WINDOWS (e1d7f21756a81968a0dfade6ecc3cf28)] -> xpath: //select[@id='salarytype']]
2023-05-20 13:05:683 INFO  HomePage :104 - Select job type[[ChromeDriver: chrome on WINDOWS (e1d7f21756a81968a0dfade6ecc3cf28)] -> xpath: //select[@class='hp-jobtype form__select']]
2023-05-20 13:05:761 INFO  HomePage :109 - Click on Find job btn[[ChromeDriver: chrome on WINDOWS (e1d7f21756a81968a0dfade6ecc3cf28)] -> xpath: //input[@id='hp-search-btn']]
2023-05-20 13:05:38 INFO  ResultPage :26 - Verify the result[[ChromeDriver: chrome on WINDOWS (e1d7f21756a81968a0dfade6ecc3cf28)] -> xpath: //h1[@class='search-header__title']]
2023-05-20 13:05:71 INFO  HomePage :65 - Enter job title [[ChromeDriver: chrome on WINDOWS (46346a76e67303f1690fab1ab0d90be9)] -> id: keywords]
2023-05-20 13:05:118 INFO  HomePage :70 - Enter location [[ChromeDriver: chrome on WINDOWS (46346a76e67303f1690fab1ab0d90be9)] -> id: location]
2023-05-20 13:05:190 INFO  HomePage :76 - Select distance [[ChromeDriver: chrome on WINDOWS (46346a76e67303f1690fab1ab0d90be9)] -> xpath: //select[@id='distance']]
2023-05-20 13:05:250 INFO  HomePage :81 - Click on link[[ChromeDriver: chrome on WINDOWS (46346a76e67303f1690fab1ab0d90be9)] -> xpath: //button[@id='toggle-hp-search']]
2023-05-20 13:05:334 INFO  HomePage :86 - Enter minimum salary[[ChromeDriver: chrome on WINDOWS (46346a76e67303f1690fab1ab0d90be9)] -> xpath: //input[@id='salarymin']]
2023-05-20 13:05:399 INFO  HomePage :92 - Enter maximum salary[[ChromeDriver: chrome on WINDOWS (46346a76e67303f1690fab1ab0d90be9)] -> xpath: //input[@id='salarymax']]
2023-05-20 13:05:470 INFO  HomePage :98 - Select salary type[[ChromeDriver: chrome on WINDOWS (46346a76e67303f1690fab1ab0d90be9)] -> xpath: //select[@id='salarytype']]
2023-05-20 13:05:532 INFO  HomePage :104 - Select job type[[ChromeDriver: chrome on WINDOWS (46346a76e67303f1690fab1ab0d90be9)] -> xpath: //select[@class='hp-jobtype form__select']]
2023-05-20 13:05:610 INFO  HomePage :109 - Click on Find job btn[[ChromeDriver: chrome on WINDOWS (46346a76e67303f1690fab1ab0d90be9)] -> xpath: //input[@id='hp-search-btn']]
2023-05-20 13:05:558 INFO  ResultPage :26 - Verify the result[[ChromeDriver: chrome on WINDOWS (46346a76e67303f1690fab1ab0d90be9)] -> xpath: //h1[@class='search-header__title']]
2023-05-20 13:05:361 INFO  HomePage :65 - Enter job title [[ChromeDriver: chrome on WINDOWS (a992f584dc24bd3fcc04db9ac0b4a157)] -> id: keywords]
2023-05-20 13:05:415 INFO  HomePage :70 - Enter location [[ChromeDriver: chrome on WINDOWS (a992f584dc24bd3fcc04db9ac0b4a157)] -> id: location]
2023-05-20 13:05:484 INFO  HomePage :76 - Select distance [[ChromeDriver: chrome on WINDOWS (a992f584dc24bd3fcc04db9ac0b4a157)] -> xpath: //select[@id='distance']]
2023-05-20 13:05:541 INFO  HomePage :81 - Click on link[[ChromeDriver: chrome on WINDOWS (a992f584dc24bd3fcc04db9ac0b4a157)] -> xpath: //button[@id='toggle-hp-search']]
2023-05-20 13:05:618 INFO  HomePage :86 - Enter minimum salary[[ChromeDriver: chrome on WINDOWS (a992f584dc24bd3fcc04db9ac0b4a157)] -> xpath: //input[@id='salarymin']]
2023-05-20 13:05:683 INFO  HomePage :92 - Enter maximum salary[[ChromeDriver: chrome on WINDOWS (a992f584dc24bd3fcc04db9ac0b4a157)] -> xpath: //input[@id='salarymax']]
2023-05-20 13:05:755 INFO  HomePage :98 - Select salary type[[ChromeDriver: chrome on WINDOWS (a992f584dc24bd3fcc04db9ac0b4a157)] -> xpath: //select[@id='salarytype']]
2023-05-20 13:05:815 INFO  HomePage :104 - Select job type[[ChromeDriver: chrome on WINDOWS (a992f584dc24bd3fcc04db9ac0b4a157)] -> xpath: //select[@class='hp-jobtype form__select']]
2023-05-20 13:05:897 INFO  HomePage :109 - Click on Find job btn[[ChromeDriver: chrome on WINDOWS (a992f584dc24bd3fcc04db9ac0b4a157)] -> xpath: //input[@id='hp-search-btn']]
2023-05-20 13:05:68 INFO  HomePage :65 - Enter job title [[ChromeDriver: chrome on WINDOWS (f91d132c7dc8b3945ce7815d2b471724)] -> id: keywords]
2023-05-20 13:05:117 INFO  HomePage :70 - Enter location [[ChromeDriver: chrome on WINDOWS (f91d132c7dc8b3945ce7815d2b471724)] -> id: location]
2023-05-20 13:05:195 INFO  HomePage :76 - Select distance [[ChromeDriver: chrome on WINDOWS (f91d132c7dc8b3945ce7815d2b471724)] -> xpath: //select[@id='distance']]
2023-05-20 13:05:259 INFO  HomePage :81 - Click on link[[ChromeDriver: chrome on WINDOWS (f91d132c7dc8b3945ce7815d2b471724)] -> xpath: //button[@id='toggle-hp-search']]
2023-05-20 13:05:325 INFO  HomePage :86 - Enter minimum salary[[ChromeDriver: chrome on WINDOWS (f91d132c7dc8b3945ce7815d2b471724)] -> xpath: //input[@id='salarymin']]
2023-05-20 13:05:384 INFO  HomePage :92 - Enter maximum salary[[ChromeDriver: chrome on WINDOWS (f91d132c7dc8b3945ce7815d2b471724)] -> xpath: //input[@id='salarymax']]
2023-05-20 13:05:458 INFO  HomePage :98 - Select salary type[[ChromeDriver: chrome on WINDOWS (f91d132c7dc8b3945ce7815d2b471724)] -> xpath: //select[@id='salarytype']]
2023-05-20 13:05:521 INFO  HomePage :104 - Select job type[[ChromeDriver: chrome on WINDOWS (f91d132c7dc8b3945ce7815d2b471724)] -> xpath: //select[@class='hp-jobtype form__select']]
2023-05-20 13:05:599 INFO  HomePage :109 - Click on Find job btn[[ChromeDriver: chrome on WINDOWS (f91d132c7dc8b3945ce7815d2b471724)] -> xpath: //input[@id='hp-search-btn']]
2023-05-20 13:05:660 INFO  ResultPage :26 - Verify the result[[ChromeDriver: chrome on WINDOWS (f91d132c7dc8b3945ce7815d2b471724)] -> xpath: //h1[@class='search-header__title']]
2023-05-20 13:05:382 INFO  HomePage :65 - Enter job title [[ChromeDriver: chrome on WINDOWS (ffa75ef2efe54ed1c0417f78b067bd49)] -> id: keywords]
2023-05-20 13:05:431 INFO  HomePage :70 - Enter location [[ChromeDriver: chrome on WINDOWS (ffa75ef2efe54ed1c0417f78b067bd49)] -> id: location]
2023-05-20 13:05:509 INFO  HomePage :76 - Select distance [[ChromeDriver: chrome on WINDOWS (ffa75ef2efe54ed1c0417f78b067bd49)] -> xpath: //select[@id='distance']]
2023-05-20 13:05:566 INFO  HomePage :81 - Click on link[[ChromeDriver: chrome on WINDOWS (ffa75ef2efe54ed1c0417f78b067bd49)] -> xpath: //button[@id='toggle-hp-search']]
2023-05-20 13:05:639 INFO  HomePage :86 - Enter minimum salary[[ChromeDriver: chrome on WINDOWS (ffa75ef2efe54ed1c0417f78b067bd49)] -> xpath: //input[@id='salarymin']]
2023-05-20 13:05:705 INFO  HomePage :92 - Enter maximum salary[[ChromeDriver: chrome on WINDOWS (ffa75ef2efe54ed1c0417f78b067bd49)] -> xpath: //input[@id='salarymax']]
2023-05-20 13:05:779 INFO  HomePage :98 - Select salary type[[ChromeDriver: chrome on WINDOWS (ffa75ef2efe54ed1c0417f78b067bd49)] -> xpath: //select[@id='salarytype']]
2023-05-20 13:05:841 INFO  HomePage :104 - Select job type[[ChromeDriver: chrome on WINDOWS (ffa75ef2efe54ed1c0417f78b067bd49)] -> xpath: //select[@class='hp-jobtype form__select']]
2023-05-20 13:05:920 INFO  HomePage :109 - Click on Find job btn[[ChromeDriver: chrome on WINDOWS (ffa75ef2efe54ed1c0417f78b067bd49)] -> xpath: //input[@id='hp-search-btn']]
2023-05-20 13:05:906 INFO  ResultPage :26 - Verify the result[[ChromeDriver: chrome on WINDOWS (ffa75ef2efe54ed1c0417f78b067bd49)] -> xpath: //h1[@class='search-header__title']]
